TN:
SF:/Users/raychu/securityAudits/StandardBounties/contracts/inherited/HumanStandardToken.sol
FN:33,HumanStandardToken
FN:47,approveAndCall
FNF:2
FNH:1
FNDA:76,HumanStandardToken
FNDA:0,approveAndCall
DA:48,0
DA:49,0
DA:54,0
DA:55,0
LF:4
LH:0
BRDA:54,1,0,0
BRDA:54,1,1,0
BRF:2
BRH:0
end_of_record
TN:
SF:/Users/raychu/securityAudits/StandardBounties/contracts/inherited/Migrations.sol
FN:7,restricted
FN:11,Migrations
FN:15,setCompleted
FN:19,upgrade
FNF:4
FNH:1
FNDA:0,restricted
FNDA:1,Migrations
FNDA:0,setCompleted
FNDA:0,upgrade
DA:8,0
DA:12,1
DA:16,0
DA:20,0
DA:21,0
LF:5
LH:1
BRDA:8,1,0,0
BRDA:8,1,1,0
BRF:2
BRH:0
end_of_record
TN:
SF:/Users/raychu/securityAudits/StandardBounties/contracts/inherited/StandardToken.sol
FN:15,transfer
FN:28,transferFrom
FN:40,balanceOf
FN:44,approve
FN:50,allowance
FNF:5
FNH:4
FNDA:296,transfer
FNDA:205,transferFrom
FNDA:441,balanceOf
FNDA:210,approve
FNDA:0,allowance
DA:20,296
DA:21,296
DA:22,296
DA:23,296
DA:24,296
DA:31,205
DA:32,202
DA:33,202
DA:34,202
DA:35,202
DA:36,202
DA:41,441
DA:45,210
DA:46,210
DA:47,210
DA:51,0
LF:16
LH:15
BRDA:20,1,0,296
BRDA:20,1,1,0
BRDA:31,2,0,202
BRDA:31,2,1,3
BRF:4
BRH:3
end_of_record
TN:
SF:/Users/raychu/securityAudits/StandardBounties/contracts/inherited/Token.sol
FNF:0
FNH:0
LF:0
LH:0
BRF:0
BRH:0
end_of_record
TN:
SF:/Users/raychu/securityAudits/StandardBounties/contracts/StandardBounties.sol
FN:77,onlyOwner
FN:82,validateNotTooManyBounties
FN:87,validateNotTooManyFulfillments
FN:92,validateBountyArrayIndex
FN:97,onlyIssuer
FN:102,onlyFulfiller
FN:107,amountIsNotZero
FN:112,transferredAmountEqualsValue
FN:126,isBeforeDeadline
FN:131,validateDeadline
FN:136,isAtStage
FN:141,validateFulfillmentArrayIndex
FN:146,notYetAccepted
FN:159,StandardBounties
FN:173,issueBounty
FN:205,issueAndActivateBounty
FN:244,isNotDead
FN:256,contribute
FN:275,activateBounty
FN:292,notIssuerOrArbiter
FN:300,fulfillBounty
FN:317,updateFulfillment
FN:328,onlyIssuerOrArbiter
FN:334,fulfillmentNotYetAccepted
FN:339,enoughFundsToPay
FN:348,acceptFulfillment
FN:364,checkFulfillmentIsApprovedAndUnpaid
FN:372,fulfillmentPayment
FN:396,killBounty
FN:414,newDeadlineIsValid
FN:423,extendDeadline
FN:438,transferIssuer
FN:451,changeBountyDeadline
FN:465,changeBountyData
FN:478,changeBountyFulfillmentAmount
FN:491,changeBountyArbiter
FN:505,changeBountyPaysTokens
FN:527,newFulfillmentAmountIsIncrease
FN:537,increasePayout
FN:560,getFulfillment
FN:576,getBounty
FN:594,getBountyArbiter
FN:606,getBountyData
FN:618,getBountyToken
FN:629,getNumBounties
FN:640,getNumFulfillments
FN:658,transitionToState
FNF:47
FNH:44
FNDA:0,onlyOwner
FNDA:733,validateNotTooManyBounties
FNDA:598,validateNotTooManyFulfillments
FNDA:3134,validateBountyArrayIndex
FNDA:453,onlyIssuer
FNDA:540,onlyFulfiller
FNDA:752,amountIsNotZero
FNDA:414,transferredAmountEqualsValue
FNDA:1008,isBeforeDeadline
FNDA:745,validateDeadline
FNDA:1185,isAtStage
FNDA:1136,validateFulfillmentArrayIndex
FNDA:4,notYetAccepted
FNDA:140,StandardBounties
FNDA:725,issueBounty
FNDA:8,issueAndActivateBounty
FNDA:17,isNotDead
FNDA:10,contribute
FNDA:388,activateBounty
FNDA:598,notIssuerOrArbiter
FNDA:594,fulfillBounty
FNDA:2,updateFulfillment
FNDA:562,onlyIssuerOrArbiter
FNDA:562,fulfillmentNotYetAccepted
FNDA:556,enoughFundsToPay
FNDA:554,acceptFulfillment
FNDA:532,checkFulfillmentIsApprovedAndUnpaid
FNDA:528,fulfillmentPayment
FNDA:12,killBounty
FNDA:6,newDeadlineIsValid
FNDA:2,extendDeadline
FNDA:4,transferIssuer
FNDA:2,changeBountyDeadline
FNDA:2,changeBountyData
FNDA:4,changeBountyFulfillmentAmount
FNDA:2,changeBountyArbiter
FNDA:5,changeBountyPaysTokens
FNDA:12,newFulfillmentAmountIsIncrease
FNDA:10,increasePayout
FNDA:32,getFulfillment
FNDA:527,getBounty
FNDA:4,getBountyArbiter
FNDA:302,getBountyData
FNDA:100,getBountyToken
FNDA:0,getNumBounties
FNDA:0,getNumFulfillments
FNDA:392,transitionToState
DA:78,0
DA:79,0
DA:83,733
DA:84,733
DA:88,598
DA:89,598
DA:93,3134
DA:94,3133
DA:98,453
DA:99,450
DA:103,540
DA:104,536
DA:108,752
DA:109,746
DA:113,414
DA:114,209
DA:115,209
DA:116,202
DA:118,207
DA:119,207
DA:121,205
DA:123,408
DA:127,1008
DA:128,1008
DA:132,745
DA:133,741
DA:137,1185
DA:138,1175
DA:142,1136
DA:143,1134
DA:147,4
DA:148,2
DA:162,140
DA:188,725
DA:189,725
DA:190,370
DA:192,725
DA:193,725
DA:222,8
DA:223,6
DA:224,3
DA:225,3
DA:227,3
DA:229,4
DA:238,4
DA:239,4
DA:240,4
DA:241,4
DA:245,17
DA:246,15
DA:265,10
DA:267,10
DA:283,388
DA:284,388
DA:286,380
DA:288,380
DA:289,380
DA:293,598
DA:294,594
DA:308,594
DA:310,594
DA:324,2
DA:325,2
DA:329,562
DA:331,562
DA:335,562
DA:336,556
DA:340,556
DA:342,554
DA:357,554
DA:358,554
DA:359,554
DA:361,554
DA:365,532
DA:366,528
DA:379,528
DA:380,528
DA:381,528
DA:382,528
DA:384,528
DA:385,264
DA:387,264
DA:389,528
DA:401,12
DA:402,12
DA:403,12
DA:404,12
DA:405,10
DA:406,5
DA:408,5
DA:411,12
DA:415,6
DA:416,2
DA:429,2
DA:431,2
DA:443,4
DA:444,4
DA:458,2
DA:459,2
DA:471,2
DA:472,2
DA:484,4
DA:485,4
DA:497,2
DA:498,2
DA:511,5
DA:512,5
DA:513,5
DA:514,5
DA:515,5
DA:516,3
DA:517,3
DA:518,3
DA:519,2
DA:521,1
DA:524,5
DA:528,12
DA:529,10
DA:545,10
DA:546,10
DA:549,10
DA:550,8
DA:551,8
DA:552,8
DA:553,8
DA:567,32
DA:582,527
DA:600,4
DA:612,302
DA:624,100
DA:634,0
DA:646,0
DA:661,392
LF:133
LH:129
BRDA:78,1,0,0
BRDA:78,1,1,0
BRDA:83,2,0,733
BRDA:83,2,1,0
BRDA:88,3,0,598
BRDA:88,3,1,0
BRDA:93,4,0,3133
BRDA:93,4,1,1
BRDA:98,5,0,450
BRDA:98,5,1,3
BRDA:103,6,0,536
BRDA:103,6,1,4
BRDA:108,7,0,746
BRDA:108,7,1,6
BRDA:113,8,0,209
BRDA:113,8,1,205
BRDA:115,9,0,202
BRDA:115,9,1,7
BRDA:116,10,0,200
BRDA:116,10,1,2
BRDA:118,11,0,207
BRDA:118,11,1,0
BRDA:119,12,0,205
BRDA:119,12,1,2
BRDA:121,13,0,203
BRDA:121,13,1,2
BRDA:127,14,0,1008
BRDA:127,14,1,0
BRDA:132,15,0,741
BRDA:132,15,1,4
BRDA:137,16,0,1175
BRDA:137,16,1,10
BRDA:142,17,0,1134
BRDA:142,17,1,2
BRDA:147,18,0,2
BRDA:147,18,1,2
BRDA:189,19,0,370
BRDA:189,19,1,355
BRDA:222,20,0,6
BRDA:222,20,1,2
BRDA:223,21,0,3
BRDA:223,21,1,3
BRDA:225,22,0,2
BRDA:225,22,1,1
BRDA:227,23,0,2
BRDA:227,23,1,1
BRDA:245,24,0,15
BRDA:245,24,1,2
BRDA:284,25,0,380
BRDA:284,25,1,8
BRDA:293,26,0,594
BRDA:293,26,1,4
BRDA:329,27,0,562
BRDA:329,27,1,0
BRDA:335,28,0,556
BRDA:335,28,1,6
BRDA:340,29,0,554
BRDA:340,29,1,2
BRDA:365,30,0,528
BRDA:365,30,1,4
BRDA:384,31,0,264
BRDA:384,31,1,264
BRDA:385,32,0,264
BRDA:385,32,1,0
BRDA:404,33,0,10
BRDA:404,33,1,2
BRDA:405,34,0,5
BRDA:405,34,1,5
BRDA:406,35,0,5
BRDA:406,35,1,0
BRDA:415,36,0,2
BRDA:415,36,1,4
BRDA:515,37,0,3
BRDA:515,37,1,2
BRDA:518,38,0,2
BRDA:518,38,1,1
BRDA:519,39,0,2
BRDA:519,39,1,0
BRDA:528,40,0,10
BRDA:528,40,1,2
BRDA:549,41,0,8
BRDA:549,41,1,2
BRF:82
BRH:72
end_of_record
TN:
SF:/Users/raychu/securityAudits/StandardBounties/contracts/UserComments.sol
FN:25,isValidAboutIndex
FN:29,isValidByIndex
FN:34,addComment
FN:47,numCommentsAboutUser
FN:54,numCommentsAboutBounty
FN:61,numCommentsByUser
FN:68,getCommentAboutAddress
FN:78,getCommentByAddress
FN:90,getCommentFromTo
FN:99,getCommentAboutBounty
FNF:10
FNH:0
FNDA:0,isValidAboutIndex
FNDA:0,isValidByIndex
FNDA:0,addComment
FNDA:0,numCommentsAboutUser
FNDA:0,numCommentsAboutBounty
FNDA:0,numCommentsByUser
FNDA:0,getCommentAboutAddress
FNDA:0,getCommentByAddress
FNDA:0,getCommentFromTo
FNDA:0,getCommentAboutBounty
DA:26,0
DA:27,0
DA:30,0
DA:31,0
DA:37,0
DA:38,0
DA:39,0
DA:41,0
DA:42,0
DA:44,0
DA:51,0
DA:58,0
DA:65,0
DA:73,0
DA:83,0
DA:94,0
DA:103,0
LF:17
LH:0
BRDA:26,1,0,0
BRDA:26,1,1,0
BRDA:30,2,0,0
BRDA:30,2,1,0
BRDA:38,3,0,0
BRDA:38,3,1,0
BRF:6
BRH:0
end_of_record
